<?xml version="1.0" encoding="UTF-8"?>
<!-- Generated by org.testng.reporters.JUnitXMLReporter -->
<testsuite ignored="2" hostname="DESKTOP-F5U5V1J" failures="1" tests="1" name="Test" time="116.891" errors="0" timestamp="17 Aug 2022 03:12:22 GMT">
  <testcase classname="com.NeoStox.TestCases.TradePanelPageTest" name="LinkValidation" time="0.727">
    <failure type="java.lang.AssertionError" message="expected [true] but found [false]">
      <![CDATA[java.lang.AssertionError: expected [true] but found [false]
at com.NeoStox.TestCases.TradePanelPageTest.LinkValidation(TradePanelPageTest.java:39)
... Removed 29 stack frames]]>
    </failure>
  </testcase> <!-- LinkValidation -->
  <testcase classname="com.NeoStox.Base.TestBase" name="@AfterSuite openReport" time="0.0">
    <ignored/>
  </testcase> <!-- @AfterSuite openReport -->
  <testcase classname="com.NeoStox.Base.TestBase" name="@AfterSuite openReport" time="0.0">
    <ignored/>
  </testcase> <!-- @AfterSuite openReport -->
</testsuite> <!-- Test -->
